orange,square
orange,circle
red,circle
orange,square
red,circle
orange,triangle
yellow,circle
red,triangle
orange,triangle
orange,square
red,triangle
red,square
yellow,circle
orange,circle
red,triangle
yellow,circle
orange,circle
yellow,square
red,triangle
orange,square
orange,circle
red,triangle
orange,square
yellow,circle
orange,triangle
orange,circle
red,circle
yellow,triangle
orange,circle
yellow,circle
red,circle
yellow,square
orange,circle
yellow,circle
red,square
yellow,circle
orange,triangle
orange,circle
red,triangle
orange,triangle
