yellow,triangle
orange,square
yellow,triangle
red,square
orange,square
yellow,triangle
red,circle
orange,square
red,triangle
yellow,square
red,square
red,circle
orange,square
orange,square
yellow,square
orange,triangle
yellow,square
yellow,square
red,square
red,square
yellow,square
red,circle
red,triangle
red,triangle
orange,circle
orange,triangle
orange,circle
yellow,square
orange,square
red,circle
yellow,square
yellow,triangle
red,square
red,triangle
red,square
orange,circle
yellow,triangle
yellow,triangle
red,square
yellow,square
