"""orange""","""circle"""
"""yellow""","""triangle"""
"""red""","""square"""
"""yellow""","""circle"""
"""yellow""","""triangle"""
"""red""","""square"""
"""orange""","""circle"""
"""orange""","""triangle"""
"""yellow""","""circle"""
"""red""","""triangle"""
"""yellow""","""triangle"""
"""yellow""","""circle"""
"""orange""","""triangle"""
"""red""","""circle"""
"""orange""","""triangle"""
"""orange""","""square"""
"""red""","""circle"""
"""yellow""","""circle"""
"""red""","""square"""
"""red""","""square"""
"""yellow""","""square"""
"""red""","""circle"""
"""red""","""square"""
"""red""","""circle"""
"""orange""","""circle"""
"""orange""","""square"""
"""red""","""circle"""
"""red""","""square"""
"""orange""","""circle"""
"""red""","""triangle"""
